leftImg8bit/train/aachen/aachen_000000_000019_leftImg8bit.png	gtFine/train/aachen/aachen_000000_000019_gtFine_labelIds.png
leftImg8bit/train/aachen/aachen_000010_000019_leftImg8bit.png	gtFine/train/aachen/aachen_000010_000019_gtFine_labelIds.png
leftImg8bit/train/aachen/aachen_000012_000019_leftImg8bit.png	gtFine/train/aachen/aachen_000012_000019_gtFine_labelIds.png
leftImg8bit/train/aachen/aachen_000017_000019_leftImg8bit.png	gtFine/train/aachen/aachen_000017_000019_gtFine_labelIds.png
leftImg8bit/train/aachen/aachen_000022_000019_leftImg8bit.png	gtFine/train/aachen/aachen_000022_000019_gtFine_labelIds.png
leftImg8bit/train/aachen/aachen_000030_000019_leftImg8bit.png	gtFine/train/aachen/aachen_000030_000019_gtFine_labelIds.png
leftImg8bit/train/aachen/aachen_000031_000019_leftImg8bit.png	gtFine/train/aachen/aachen_000031_000019_gtFine_labelIds.png
leftImg8bit/train/aachen/aachen_000035_000019_leftImg8bit.png	gtFine/train/aachen/aachen_000035_000019_gtFine_labelIds.png
leftImg8bit/train/aachen/aachen_000036_000019_leftImg8bit.png	gtFine/train/aachen/aachen_000036_000019_gtFine_labelIds.png
leftImg8bit/train/aachen/aachen_000040_000019_leftImg8bit.png	gtFine/train/aachen/aachen_000040_000019_gtFine_labelIds.png
leftImg8bit/train/aachen/aachen_000042_000019_leftImg8bit.png	gtFine/train/aachen/aachen_000042_000019_gtFine_labelIds.png
leftImg8bit/train/aachen/aachen_000051_000019_leftImg8bit.png	gtFine/train/aachen/aachen_000051_000019_gtFine_labelIds.png
leftImg8bit/train/aachen/aachen_000053_000019_leftImg8bit.png	gtFine/train/aachen/aachen_000053_000019_gtFine_labelIds.png
leftImg8bit/train/aachen/aachen_000072_000019_leftImg8bit.png	gtFine/train/aachen/aachen_000072_000019_gtFine_labelIds.png
leftImg8bit/train/aachen/aachen_000075_000019_leftImg8bit.png	gtFine/train/aachen/aachen_000075_000019_gtFine_labelIds.png
leftImg8bit/train/aachen/aachen_000076_000019_leftImg8bit.png	gtFine/train/aachen/aachen_000076_000019_gtFine_labelIds.png
leftImg8bit/train/aachen/aachen_000078_000019_leftImg8bit.png	gtFine/train/aachen/aachen_000078_000019_gtFine_labelIds.png
leftImg8bit/train/aachen/aachen_000079_000019_leftImg8bit.png	gtFine/train/aachen/aachen_000079_000019_gtFine_labelIds.png
leftImg8bit/train/aachen/aachen_000081_000019_leftImg8bit.png	gtFine/train/aachen/aachen_000081_000019_gtFine_labelIds.png
leftImg8bit/train/aachen/aachen_000085_000019_leftImg8bit.png	gtFine/train/aachen/aachen_000085_000019_gtFine_labelIds.png
leftImg8bit/train/aachen/aachen_000086_000019_leftImg8bit.png	gtFine/train/aachen/aachen_000086_000019_gtFine_labelIds.png
leftImg8bit/train/aachen/aachen_000090_000019_leftImg8bit.png	gtFine/train/aachen/aachen_000090_000019_gtFine_labelIds.png
leftImg8bit/train/aachen/aachen_000103_000019_leftImg8bit.png	gtFine/train/aachen/aachen_000103_000019_gtFine_labelIds.png
leftImg8bit/train/aachen/aachen_000104_000019_leftImg8bit.png	gtFine/train/aachen/aachen_000104_000019_gtFine_labelIds.png
leftImg8bit/train/aachen/aachen_000106_000019_leftImg8bit.png	gtFine/train/aachen/aachen_000106_000019_gtFine_labelIds.png
leftImg8bit/train/aachen/aachen_000108_000019_leftImg8bit.png	gtFine/train/aachen/aachen_000108_000019_gtFine_labelIds.png
leftImg8bit/train/aachen/aachen_000112_000019_leftImg8bit.png	gtFine/train/aachen/aachen_000112_000019_gtFine_labelIds.png
leftImg8bit/train/aachen/aachen_000118_000019_leftImg8bit.png	gtFine/train/aachen/aachen_000118_000019_gtFine_labelIds.png
leftImg8bit/train/aachen/aachen_000120_000019_leftImg8bit.png	gtFine/train/aachen/aachen_000120_000019_gtFine_labelIds.png
leftImg8bit/train/aachen/aachen_000124_000019_leftImg8bit.png	gtFine/train/aachen/aachen_000124_000019_gtFine_labelIds.png
leftImg8bit/train/aachen/aachen_000132_000019_leftImg8bit.png	gtFine/train/aachen/aachen_000132_000019_gtFine_labelIds.png
leftImg8bit/train/aachen/aachen_000138_000019_leftImg8bit.png	gtFine/train/aachen/aachen_000138_000019_gtFine_labelIds.png
leftImg8bit/train/aachen/aachen_000143_000019_leftImg8bit.png	gtFine/train/aachen/aachen_000143_000019_gtFine_labelIds.png
leftImg8bit/train/aachen/aachen_000146_000019_leftImg8bit.png	gtFine/train/aachen/aachen_000146_000019_gtFine_labelIds.png
leftImg8bit/train/aachen/aachen_000152_000019_leftImg8bit.png	gtFine/train/aachen/aachen_000152_000019_gtFine_labelIds.png
leftImg8bit/train/aachen/aachen_000154_000019_leftImg8bit.png	gtFine/train/aachen/aachen_000154_000019_gtFine_labelIds.png
leftImg8bit/train/aachen/aachen_000163_000019_leftImg8bit.png	gtFine/train/aachen/aachen_000163_000019_gtFine_labelIds.png
leftImg8bit/train/aachen/aachen_000169_000019_leftImg8bit.png	gtFine/train/aachen/aachen_000169_000019_gtFine_labelIds.png
leftImg8bit/train/bochum/bochum_000000_001519_leftImg8bit.png	gtFine/train/bochum/bochum_000000_001519_gtFine_labelIds.png
leftImg8bit/train/bochum/bochum_000000_009554_leftImg8bit.png	gtFine/train/bochum/bochum_000000_009554_gtFine_labelIds.png
leftImg8bit/train/bochum/bochum_000000_010562_leftImg8bit.png	gtFine/train/bochum/bochum_000000_010562_gtFine_labelIds.png
leftImg8bit/train/bochum/bochum_000000_015038_leftImg8bit.png	gtFine/train/bochum/bochum_000000_015038_gtFine_labelIds.png
leftImg8bit/train/bochum/bochum_000000_019188_leftImg8bit.png	gtFine/train/bochum/bochum_000000_019188_gtFine_labelIds.png
leftImg8bit/train/bochum/bochum_000000_021325_leftImg8bit.png	gtFine/train/bochum/bochum_000000_021325_gtFine_labelIds.png
leftImg8bit/train/bochum/bochum_000000_023174_leftImg8bit.png	gtFine/train/bochum/bochum_000000_023174_gtFine_labelIds.png
leftImg8bit/train/bochum/bochum_000000_023435_leftImg8bit.png	gtFine/train/bochum/bochum_000000_023435_gtFine_labelIds.png
leftImg8bit/train/bochum/bochum_000000_023648_leftImg8bit.png	gtFine/train/bochum/bochum_000000_023648_gtFine_labelIds.png
leftImg8bit/train/bochum/bochum_000000_028297_leftImg8bit.png	gtFine/train/bochum/bochum_000000_028297_gtFine_labelIds.png
leftImg8bit/train/bochum/bochum_000000_030913_leftImg8bit.png	gtFine/train/bochum/bochum_000000_030913_gtFine_labelIds.png
leftImg8bit/train/bochum/bochum_000000_032169_leftImg8bit.png	gtFine/train/bochum/bochum_000000_032169_gtFine_labelIds.png
leftImg8bit/train/bochum/bochum_000000_033331_leftImg8bit.png	gtFine/train/bochum/bochum_000000_033331_gtFine_labelIds.png
leftImg8bit/train/bochum/bochum_000000_033531_leftImg8bit.png	gtFine/train/bochum/bochum_000000_033531_gtFine_labelIds.png
leftImg8bit/train/bochum/bochum_000000_035958_leftImg8bit.png	gtFine/train/bochum/bochum_000000_035958_gtFine_labelIds.png
leftImg8bit/train/bochum/bochum_000000_037223_leftImg8bit.png	gtFine/train/bochum/bochum_000000_037223_gtFine_labelIds.png
leftImg8bit/train/bremen/bremen_000002_000019_leftImg8bit.png	gtFine/train/bremen/bremen_000002_000019_gtFine_labelIds.png
leftImg8bit/train/bremen/bremen_000009_000019_leftImg8bit.png	gtFine/train/bremen/bremen_000009_000019_gtFine_labelIds.png
leftImg8bit/train/bremen/bremen_000013_000019_leftImg8bit.png	gtFine/train/bremen/bremen_000013_000019_gtFine_labelIds.png
leftImg8bit/train/bremen/bremen_000014_000019_leftImg8bit.png	gtFine/train/bremen/bremen_000014_000019_gtFine_labelIds.png
leftImg8bit/train/bremen/bremen_000020_000019_leftImg8bit.png	gtFine/train/bremen/bremen_000020_000019_gtFine_labelIds.png
leftImg8bit/train/bremen/bremen_000024_000019_leftImg8bit.png	gtFine/train/bremen/bremen_000024_000019_gtFine_labelIds.png
leftImg8bit/train/bremen/bremen_000025_000019_leftImg8bit.png	gtFine/train/bremen/bremen_000025_000019_gtFine_labelIds.png
leftImg8bit/train/bremen/bremen_000027_000019_leftImg8bit.png	gtFine/train/bremen/bremen_000027_000019_gtFine_labelIds.png
leftImg8bit/train/bremen/bremen_000028_000019_leftImg8bit.png	gtFine/train/bremen/bremen_000028_000019_gtFine_labelIds.png
leftImg8bit/train/bremen/bremen_000029_000019_leftImg8bit.png	gtFine/train/bremen/bremen_000029_000019_gtFine_labelIds.png
leftImg8bit/train/bremen/bremen_000031_000019_leftImg8bit.png	gtFine/train/bremen/bremen_000031_000019_gtFine_labelIds.png
leftImg8bit/train/bremen/bremen_000035_000019_leftImg8bit.png	gtFine/train/bremen/bremen_000035_000019_gtFine_labelIds.png
leftImg8bit/train/bremen/bremen_000036_000019_leftImg8bit.png	gtFine/train/bremen/bremen_000036_000019_gtFine_labelIds.png
leftImg8bit/train/bremen/bremen_000041_000019_leftImg8bit.png	gtFine/train/bremen/bremen_000041_000019_gtFine_labelIds.png
leftImg8bit/train/bremen/bremen_000045_000019_leftImg8bit.png	gtFine/train/bremen/bremen_000045_000019_gtFine_labelIds.png
leftImg8bit/train/bremen/bremen_000047_000019_leftImg8bit.png	gtFine/train/bremen/bremen_000047_000019_gtFine_labelIds.png
leftImg8bit/train/bremen/bremen_000050_000019_leftImg8bit.png	gtFine/train/bremen/bremen_000050_000019_gtFine_labelIds.png
leftImg8bit/train/bremen/bremen_000058_000019_leftImg8bit.png	gtFine/train/bremen/bremen_000058_000019_gtFine_labelIds.png
leftImg8bit/train/bremen/bremen_000060_000019_leftImg8bit.png	gtFine/train/bremen/bremen_000060_000019_gtFine_labelIds.png
leftImg8bit/train/bremen/bremen_000061_000019_leftImg8bit.png	gtFine/train/bremen/bremen_000061_000019_gtFine_labelIds.png
leftImg8bit/train/bremen/bremen_000074_000019_leftImg8bit.png	gtFine/train/bremen/bremen_000074_000019_gtFine_labelIds.png
leftImg8bit/train/bremen/bremen_000081_000019_leftImg8bit.png	gtFine/train/bremen/bremen_000081_000019_gtFine_labelIds.png
leftImg8bit/train/bremen/bremen_000084_000019_leftImg8bit.png	gtFine/train/bremen/bremen_000084_000019_gtFine_labelIds.png
leftImg8bit/train/bremen/bremen_000086_000019_leftImg8bit.png	gtFine/train/bremen/bremen_000086_000019_gtFine_labelIds.png
leftImg8bit/train/bremen/bremen_000089_000019_leftImg8bit.png	gtFine/train/bremen/bremen_000089_000019_gtFine_labelIds.png
leftImg8bit/train/bremen/bremen_000090_000019_leftImg8bit.png	gtFine/train/bremen/bremen_000090_000019_gtFine_labelIds.png
leftImg8bit/train/bremen/bremen_000093_000019_leftImg8bit.png	gtFine/train/bremen/bremen_000093_000019_gtFine_labelIds.png
leftImg8bit/train/bremen/bremen_000097_000019_leftImg8bit.png	gtFine/train/bremen/bremen_000097_000019_gtFine_labelIds.png
leftImg8bit/train/bremen/bremen_000101_000019_leftImg8bit.png	gtFine/train/bremen/bremen_000101_000019_gtFine_labelIds.png
leftImg8bit/train/bremen/bremen_000104_000019_leftImg8bit.png	gtFine/train/bremen/bremen_000104_000019_gtFine_labelIds.png
leftImg8bit/train/bremen/bremen_000110_000019_leftImg8bit.png	gtFine/train/bremen/bremen_000110_000019_gtFine_labelIds.png
leftImg8bit/train/bremen/bremen_000114_000019_leftImg8bit.png	gtFine/train/bremen/bremen_000114_000019_gtFine_labelIds.png
leftImg8bit/train/bremen/bremen_000119_000019_leftImg8bit.png	gtFine/train/bremen/bremen_000119_000019_gtFine_labelIds.png
leftImg8bit/train/bremen/bremen_000121_000019_leftImg8bit.png	gtFine/train/bremen/bremen_000121_000019_gtFine_labelIds.png
leftImg8bit/train/bremen/bremen_000125_000019_leftImg8bit.png	gtFine/train/bremen/bremen_000125_000019_gtFine_labelIds.png
leftImg8bit/train/bremen/bremen_000129_000019_leftImg8bit.png	gtFine/train/bremen/bremen_000129_000019_gtFine_labelIds.png
leftImg8bit/train/bremen/bremen_000130_000019_leftImg8bit.png	gtFine/train/bremen/bremen_000130_000019_gtFine_labelIds.png
leftImg8bit/train/bremen/bremen_000134_000019_leftImg8bit.png	gtFine/train/bremen/bremen_000134_000019_gtFine_labelIds.png
leftImg8bit/train/bremen/bremen_000138_000019_leftImg8bit.png	gtFine/train/bremen/bremen_000138_000019_gtFine_labelIds.png
leftImg8bit/train/bremen/bremen_000139_000019_leftImg8bit.png	gtFine/train/bremen/bremen_000139_000019_gtFine_labelIds.png
leftImg8bit/train/bremen/bremen_000140_000019_leftImg8bit.png	gtFine/train/bremen/bremen_000140_000019_gtFine_labelIds.png
leftImg8bit/train/bremen/bremen_000141_000019_leftImg8bit.png	gtFine/train/bremen/bremen_000141_000019_gtFine_labelIds.png
leftImg8bit/train/bremen/bremen_000146_000019_leftImg8bit.png	gtFine/train/bremen/bremen_000146_000019_gtFine_labelIds.png
leftImg8bit/train/bremen/bremen_000147_000019_leftImg8bit.png	gtFine/train/bremen/bremen_000147_000019_gtFine_labelIds.png
leftImg8bit/train/bremen/bremen_000151_000019_leftImg8bit.png	gtFine/train/bremen/bremen_000151_000019_gtFine_labelIds.png
leftImg8bit/train/bremen/bremen_000152_000019_leftImg8bit.png	gtFine/train/bremen/bremen_000152_000019_gtFine_labelIds.png
leftImg8bit/train/bremen/bremen_000160_000019_leftImg8bit.png	gtFine/train/bremen/bremen_000160_000019_gtFine_labelIds.png
leftImg8bit/train/bremen/bremen_000162_000019_leftImg8bit.png	gtFine/train/bremen/bremen_000162_000019_gtFine_labelIds.png
leftImg8bit/train/bremen/bremen_000163_000019_leftImg8bit.png	gtFine/train/bremen/bremen_000163_000019_gtFine_labelIds.png
leftImg8bit/train/bremen/bremen_000166_000019_leftImg8bit.png	gtFine/train/bremen/bremen_000166_000019_gtFine_labelIds.png
leftImg8bit/train/bremen/bremen_000167_000019_leftImg8bit.png	gtFine/train/bremen/bremen_000167_000019_gtFine_labelIds.png
leftImg8bit/train/bremen/bremen_000170_000019_leftImg8bit.png	gtFine/train/bremen/bremen_000170_000019_gtFine_labelIds.png
leftImg8bit/train/bremen/bremen_000175_000019_leftImg8bit.png	gtFine/train/bremen/bremen_000175_000019_gtFine_labelIds.png
leftImg8bit/train/bremen/bremen_000176_000019_leftImg8bit.png	gtFine/train/bremen/bremen_000176_000019_gtFine_labelIds.png
leftImg8bit/train/bremen/bremen_000178_000019_leftImg8bit.png	gtFine/train/bremen/bremen_000178_000019_gtFine_labelIds.png
leftImg8bit/train/bremen/bremen_000190_000019_leftImg8bit.png	gtFine/train/bremen/bremen_000190_000019_gtFine_labelIds.png
leftImg8bit/train/bremen/bremen_000198_000019_leftImg8bit.png	gtFine/train/bremen/bremen_000198_000019_gtFine_labelIds.png
leftImg8bit/train/bremen/bremen_000202_000019_leftImg8bit.png	gtFine/train/bremen/bremen_000202_000019_gtFine_labelIds.png
leftImg8bit/train/bremen/bremen_000203_000019_leftImg8bit.png	gtFine/train/bremen/bremen_000203_000019_gtFine_labelIds.png
leftImg8bit/train/bremen/bremen_000205_000019_leftImg8bit.png	gtFine/train/bremen/bremen_000205_000019_gtFine_labelIds.png
leftImg8bit/train/bremen/bremen_000207_000019_leftImg8bit.png	gtFine/train/bremen/bremen_000207_000019_gtFine_labelIds.png
leftImg8bit/train/bremen/bremen_000217_000019_leftImg8bit.png	gtFine/train/bremen/bremen_000217_000019_gtFine_labelIds.png
leftImg8bit/train/bremen/bremen_000218_000019_leftImg8bit.png	gtFine/train/bremen/bremen_000218_000019_gtFine_labelIds.png
leftImg8bit/train/bremen/bremen_000219_000019_leftImg8bit.png	gtFine/train/bremen/bremen_000219_000019_gtFine_labelIds.png
leftImg8bit/train/bremen/bremen_000245_000019_leftImg8bit.png	gtFine/train/bremen/bremen_000245_000019_gtFine_labelIds.png
leftImg8bit/train/bremen/bremen_000248_000019_leftImg8bit.png	gtFine/train/bremen/bremen_000248_000019_gtFine_labelIds.png
leftImg8bit/train/bremen/bremen_000267_000019_leftImg8bit.png	gtFine/train/bremen/bremen_000267_000019_gtFine_labelIds.png
leftImg8bit/train/bremen/bremen_000269_000019_leftImg8bit.png	gtFine/train/bremen/bremen_000269_000019_gtFine_labelIds.png
leftImg8bit/train/bremen/bremen_000270_000019_leftImg8bit.png	gtFine/train/bremen/bremen_000270_000019_gtFine_labelIds.png
leftImg8bit/train/bremen/bremen_000276_000019_leftImg8bit.png	gtFine/train/bremen/bremen_000276_000019_gtFine_labelIds.png
leftImg8bit/train/bremen/bremen_000277_000019_leftImg8bit.png	gtFine/train/bremen/bremen_000277_000019_gtFine_labelIds.png
leftImg8bit/train/bremen/bremen_000281_000019_leftImg8bit.png	gtFine/train/bremen/bremen_000281_000019_gtFine_labelIds.png
leftImg8bit/train/bremen/bremen_000282_000019_leftImg8bit.png	gtFine/train/bremen/bremen_000282_000019_gtFine_labelIds.png
leftImg8bit/train/bremen/bremen_000285_000019_leftImg8bit.png	gtFine/train/bremen/bremen_000285_000019_gtFine_labelIds.png
leftImg8bit/train/bremen/bremen_000295_000019_leftImg8bit.png	gtFine/train/bremen/bremen_000295_000019_gtFine_labelIds.png
leftImg8bit/train/bremen/bremen_000305_000019_leftImg8bit.png	gtFine/train/bremen/bremen_000305_000019_gtFine_labelIds.png
leftImg8bit/train/bremen/bremen_000310_000019_leftImg8bit.png	gtFine/train/bremen/bremen_000310_000019_gtFine_labelIds.png
leftImg8bit/train/bremen/bremen_000313_000019_leftImg8bit.png	gtFine/train/bremen/bremen_000313_000019_gtFine_labelIds.png
leftImg8bit/train/cologne/cologne_000013_000019_leftImg8bit.png	gtFine/train/cologne/cologne_000013_000019_gtFine_labelIds.png
leftImg8bit/train/cologne/cologne_000015_000019_leftImg8bit.png	gtFine/train/cologne/cologne_000015_000019_gtFine_labelIds.png
leftImg8bit/train/cologne/cologne_000016_000019_leftImg8bit.png	gtFine/train/cologne/cologne_000016_000019_gtFine_labelIds.png
leftImg8bit/train/cologne/cologne_000020_000019_leftImg8bit.png	gtFine/train/cologne/cologne_000020_000019_gtFine_labelIds.png
leftImg8bit/train/cologne/cologne_000027_000019_leftImg8bit.png	gtFine/train/cologne/cologne_000027_000019_gtFine_labelIds.png
leftImg8bit/train/cologne/cologne_000029_000019_leftImg8bit.png	gtFine/train/cologne/cologne_000029_000019_gtFine_labelIds.png
leftImg8bit/train/cologne/cologne_000035_000019_leftImg8bit.png	gtFine/train/cologne/cologne_000035_000019_gtFine_labelIds.png
leftImg8bit/train/cologne/cologne_000068_000019_leftImg8bit.png	gtFine/train/cologne/cologne_000068_000019_gtFine_labelIds.png
leftImg8bit/train/cologne/cologne_000071_000019_leftImg8bit.png	gtFine/train/cologne/cologne_000071_000019_gtFine_labelIds.png
leftImg8bit/train/cologne/cologne_000074_000019_leftImg8bit.png	gtFine/train/cologne/cologne_000074_000019_gtFine_labelIds.png
leftImg8bit/train/cologne/cologne_000079_000019_leftImg8bit.png	gtFine/train/cologne/cologne_000079_000019_gtFine_labelIds.png
leftImg8bit/train/cologne/cologne_000080_000019_leftImg8bit.png	gtFine/train/cologne/cologne_000080_000019_gtFine_labelIds.png
leftImg8bit/train/cologne/cologne_000081_000019_leftImg8bit.png	gtFine/train/cologne/cologne_000081_000019_gtFine_labelIds.png
leftImg8bit/train/cologne/cologne_000082_000019_leftImg8bit.png	gtFine/train/cologne/cologne_000082_000019_gtFine_labelIds.png
leftImg8bit/train/cologne/cologne_000087_000019_leftImg8bit.png	gtFine/train/cologne/cologne_000087_000019_gtFine_labelIds.png
leftImg8bit/train/cologne/cologne_000089_000019_leftImg8bit.png	gtFine/train/cologne/cologne_000089_000019_gtFine_labelIds.png
leftImg8bit/train/cologne/cologne_000093_000019_leftImg8bit.png	gtFine/train/cologne/cologne_000093_000019_gtFine_labelIds.png
leftImg8bit/train/cologne/cologne_000100_000019_leftImg8bit.png	gtFine/train/cologne/cologne_000100_000019_gtFine_labelIds.png
leftImg8bit/train/cologne/cologne_000103_000019_leftImg8bit.png	gtFine/train/cologne/cologne_000103_000019_gtFine_labelIds.png
leftImg8bit/train/cologne/cologne_000105_000019_leftImg8bit.png	gtFine/train/cologne/cologne_000105_000019_gtFine_labelIds.png
leftImg8bit/train/cologne/cologne_000106_000019_leftImg8bit.png	gtFine/train/cologne/cologne_000106_000019_gtFine_labelIds.png
leftImg8bit/train/cologne/cologne_000114_000019_leftImg8bit.png	gtFine/train/cologne/cologne_000114_000019_gtFine_labelIds.png
leftImg8bit/train/cologne/cologne_000118_000019_leftImg8bit.png	gtFine/train/cologne/cologne_000118_000019_gtFine_labelIds.png
leftImg8bit/train/cologne/cologne_000124_000019_leftImg8bit.png	gtFine/train/cologne/cologne_000124_000019_gtFine_labelIds.png
leftImg8bit/train/cologne/cologne_000125_000019_leftImg8bit.png	gtFine/train/cologne/cologne_000125_000019_gtFine_labelIds.png
leftImg8bit/train/cologne/cologne_000127_000019_leftImg8bit.png	gtFine/train/cologne/cologne_000127_000019_gtFine_labelIds.png
leftImg8bit/train/cologne/cologne_000138_000019_leftImg8bit.png	gtFine/train/cologne/cologne_000138_000019_gtFine_labelIds.png
leftImg8bit/train/cologne/cologne_000146_000019_leftImg8bit.png	gtFine/train/cologne/cologne_000146_000019_gtFine_labelIds.png
leftImg8bit/train/cologne/cologne_000150_000019_leftImg8bit.png	gtFine/train/cologne/cologne_000150_000019_gtFine_labelIds.png
leftImg8bit/train/darmstadt/darmstadt_000004_000019_leftImg8bit.png	gtFine/train/darmstadt/darmstadt_000004_000019_gtFine_labelIds.png
leftImg8bit/train/darmstadt/darmstadt_000009_000019_leftImg8bit.png	gtFine/train/darmstadt/darmstadt_000009_000019_gtFine_labelIds.png
leftImg8bit/train/darmstadt/darmstadt_000022_000019_leftImg8bit.png	gtFine/train/darmstadt/darmstadt_000022_000019_gtFine_labelIds.png
leftImg8bit/train/darmstadt/darmstadt_000023_000019_leftImg8bit.png	gtFine/train/darmstadt/darmstadt_000023_000019_gtFine_labelIds.png
leftImg8bit/train/darmstadt/darmstadt_000029_000019_leftImg8bit.png	gtFine/train/darmstadt/darmstadt_000029_000019_gtFine_labelIds.png
leftImg8bit/train/darmstadt/darmstadt_000037_000019_leftImg8bit.png	gtFine/train/darmstadt/darmstadt_000037_000019_gtFine_labelIds.png
leftImg8bit/train/darmstadt/darmstadt_000045_000019_leftImg8bit.png	gtFine/train/darmstadt/darmstadt_000045_000019_gtFine_labelIds.png
leftImg8bit/train/darmstadt/darmstadt_000049_000019_leftImg8bit.png	gtFine/train/darmstadt/darmstadt_000049_000019_gtFine_labelIds.png
leftImg8bit/train/darmstadt/darmstadt_000055_000019_leftImg8bit.png	gtFine/train/darmstadt/darmstadt_000055_000019_gtFine_labelIds.png
leftImg8bit/train/darmstadt/darmstadt_000058_000019_leftImg8bit.png	gtFine/train/darmstadt/darmstadt_000058_000019_gtFine_labelIds.png
leftImg8bit/train/darmstadt/darmstadt_000061_000019_leftImg8bit.png	gtFine/train/darmstadt/darmstadt_000061_000019_gtFine_labelIds.png
leftImg8bit/train/darmstadt/darmstadt_000064_000019_leftImg8bit.png	gtFine/train/darmstadt/darmstadt_000064_000019_gtFine_labelIds.png
leftImg8bit/train/darmstadt/darmstadt_000068_000019_leftImg8bit.png	gtFine/train/darmstadt/darmstadt_000068_000019_gtFine_labelIds.png
leftImg8bit/train/darmstadt/darmstadt_000072_000019_leftImg8bit.png	gtFine/train/darmstadt/darmstadt_000072_000019_gtFine_labelIds.png
leftImg8bit/train/darmstadt/darmstadt_000073_000019_leftImg8bit.png	gtFine/train/darmstadt/darmstadt_000073_000019_gtFine_labelIds.png
leftImg8bit/train/darmstadt/darmstadt_000077_000019_leftImg8bit.png	gtFine/train/darmstadt/darmstadt_000077_000019_gtFine_labelIds.png
leftImg8bit/train/darmstadt/darmstadt_000083_000019_leftImg8bit.png	gtFine/train/darmstadt/darmstadt_000083_000019_gtFine_labelIds.png
leftImg8bit/train/dusseldorf/dusseldorf_000016_000019_leftImg8bit.png	gtFine/train/dusseldorf/dusseldorf_000016_000019_gtFine_labelIds.png
leftImg8bit/train/dusseldorf/dusseldorf_000039_000019_leftImg8bit.png	gtFine/train/dusseldorf/dusseldorf_000039_000019_gtFine_labelIds.png
leftImg8bit/train/dusseldorf/dusseldorf_000040_000019_leftImg8bit.png	gtFine/train/dusseldorf/dusseldorf_000040_000019_gtFine_labelIds.png
leftImg8bit/train/dusseldorf/dusseldorf_000045_000019_leftImg8bit.png	gtFine/train/dusseldorf/dusseldorf_000045_000019_gtFine_labelIds.png
leftImg8bit/train/dusseldorf/dusseldorf_000046_000019_leftImg8bit.png	gtFine/train/dusseldorf/dusseldorf_000046_000019_gtFine_labelIds.png
leftImg8bit/train/dusseldorf/dusseldorf_000061_000019_leftImg8bit.png	gtFine/train/dusseldorf/dusseldorf_000061_000019_gtFine_labelIds.png
leftImg8bit/train/dusseldorf/dusseldorf_000063_000019_leftImg8bit.png	gtFine/train/dusseldorf/dusseldorf_000063_000019_gtFine_labelIds.png
leftImg8bit/train/dusseldorf/dusseldorf_000069_000019_leftImg8bit.png	gtFine/train/dusseldorf/dusseldorf_000069_000019_gtFine_labelIds.png
leftImg8bit/train/dusseldorf/dusseldorf_000071_000019_leftImg8bit.png	gtFine/train/dusseldorf/dusseldorf_000071_000019_gtFine_labelIds.png
leftImg8bit/train/dusseldorf/dusseldorf_000091_000019_leftImg8bit.png	gtFine/train/dusseldorf/dusseldorf_000091_000019_gtFine_labelIds.png
leftImg8bit/train/dusseldorf/dusseldorf_000097_000019_leftImg8bit.png	gtFine/train/dusseldorf/dusseldorf_000097_000019_gtFine_labelIds.png
leftImg8bit/train/dusseldorf/dusseldorf_000102_000019_leftImg8bit.png	gtFine/train/dusseldorf/dusseldorf_000102_000019_gtFine_labelIds.png
leftImg8bit/train/dusseldorf/dusseldorf_000104_000019_leftImg8bit.png	gtFine/train/dusseldorf/dusseldorf_000104_000019_gtFine_labelIds.png
leftImg8bit/train/dusseldorf/dusseldorf_000107_000019_leftImg8bit.png	gtFine/train/dusseldorf/dusseldorf_000107_000019_gtFine_labelIds.png
leftImg8bit/train/dusseldorf/dusseldorf_000108_000019_leftImg8bit.png	gtFine/train/dusseldorf/dusseldorf_000108_000019_gtFine_labelIds.png
leftImg8bit/train/dusseldorf/dusseldorf_000116_000019_leftImg8bit.png	gtFine/train/dusseldorf/dusseldorf_000116_000019_gtFine_labelIds.png
leftImg8bit/train/dusseldorf/dusseldorf_000118_000019_leftImg8bit.png	gtFine/train/dusseldorf/dusseldorf_000118_000019_gtFine_labelIds.png
leftImg8bit/train/dusseldorf/dusseldorf_000120_000019_leftImg8bit.png	gtFine/train/dusseldorf/dusseldorf_000120_000019_gtFine_labelIds.png
leftImg8bit/train/dusseldorf/dusseldorf_000129_000019_leftImg8bit.png	gtFine/train/dusseldorf/dusseldorf_000129_000019_gtFine_labelIds.png
leftImg8bit/train/dusseldorf/dusseldorf_000140_000019_leftImg8bit.png	gtFine/train/dusseldorf/dusseldorf_000140_000019_gtFine_labelIds.png
leftImg8bit/train/dusseldorf/dusseldorf_000148_000019_leftImg8bit.png	gtFine/train/dusseldorf/dusseldorf_000148_000019_gtFine_labelIds.png
leftImg8bit/train/dusseldorf/dusseldorf_000151_000019_leftImg8bit.png	gtFine/train/dusseldorf/dusseldorf_000151_000019_gtFine_labelIds.png
leftImg8bit/train/dusseldorf/dusseldorf_000152_000019_leftImg8bit.png	gtFine/train/dusseldorf/dusseldorf_000152_000019_gtFine_labelIds.png
leftImg8bit/train/dusseldorf/dusseldorf_000153_000019_leftImg8bit.png	gtFine/train/dusseldorf/dusseldorf_000153_000019_gtFine_labelIds.png
leftImg8bit/train/dusseldorf/dusseldorf_000161_000019_leftImg8bit.png	gtFine/train/dusseldorf/dusseldorf_000161_000019_gtFine_labelIds.png
leftImg8bit/train/dusseldorf/dusseldorf_000173_000019_leftImg8bit.png	gtFine/train/dusseldorf/dusseldorf_000173_000019_gtFine_labelIds.png
leftImg8bit/train/dusseldorf/dusseldorf_000175_000019_leftImg8bit.png	gtFine/train/dusseldorf/dusseldorf_000175_000019_gtFine_labelIds.png
leftImg8bit/train/dusseldorf/dusseldorf_000179_000019_leftImg8bit.png	gtFine/train/dusseldorf/dusseldorf_000179_000019_gtFine_labelIds.png
leftImg8bit/train/dusseldorf/dusseldorf_000185_000019_leftImg8bit.png	gtFine/train/dusseldorf/dusseldorf_000185_000019_gtFine_labelIds.png
leftImg8bit/train/dusseldorf/dusseldorf_000189_000019_leftImg8bit.png	gtFine/train/dusseldorf/dusseldorf_000189_000019_gtFine_labelIds.png
leftImg8bit/train/dusseldorf/dusseldorf_000194_000019_leftImg8bit.png	gtFine/train/dusseldorf/dusseldorf_000194_000019_gtFine_labelIds.png
leftImg8bit/train/dusseldorf/dusseldorf_000206_000019_leftImg8bit.png	gtFine/train/dusseldorf/dusseldorf_000206_000019_gtFine_labelIds.png
leftImg8bit/train/dusseldorf/dusseldorf_000214_000019_leftImg8bit.png	gtFine/train/dusseldorf/dusseldorf_000214_000019_gtFine_labelIds.png
leftImg8bit/train/dusseldorf/dusseldorf_000220_000019_leftImg8bit.png	gtFine/train/dusseldorf/dusseldorf_000220_000019_gtFine_labelIds.png
leftImg8bit/train/erfurt/erfurt_000000_000019_leftImg8bit.png	gtFine/train/erfurt/erfurt_000000_000019_gtFine_labelIds.png
leftImg8bit/train/erfurt/erfurt_000006_000019_leftImg8bit.png	gtFine/train/erfurt/erfurt_000006_000019_gtFine_labelIds.png
leftImg8bit/train/erfurt/erfurt_000007_000019_leftImg8bit.png	gtFine/train/erfurt/erfurt_000007_000019_gtFine_labelIds.png
leftImg8bit/train/erfurt/erfurt_000012_000019_leftImg8bit.png	gtFine/train/erfurt/erfurt_000012_000019_gtFine_labelIds.png
leftImg8bit/train/erfurt/erfurt_000019_000019_leftImg8bit.png	gtFine/train/erfurt/erfurt_000019_000019_gtFine_labelIds.png
leftImg8bit/train/erfurt/erfurt_000022_000019_leftImg8bit.png	gtFine/train/erfurt/erfurt_000022_000019_gtFine_labelIds.png
leftImg8bit/train/erfurt/erfurt_000027_000019_leftImg8bit.png	gtFine/train/erfurt/erfurt_000027_000019_gtFine_labelIds.png
leftImg8bit/train/erfurt/erfurt_000030_000019_leftImg8bit.png	gtFine/train/erfurt/erfurt_000030_000019_gtFine_labelIds.png
leftImg8bit/train/erfurt/erfurt_000034_000019_leftImg8bit.png	gtFine/train/erfurt/erfurt_000034_000019_gtFine_labelIds.png
leftImg8bit/train/erfurt/erfurt_000053_000019_leftImg8bit.png	gtFine/train/erfurt/erfurt_000053_000019_gtFine_labelIds.png
leftImg8bit/train/erfurt/erfurt_000061_000019_leftImg8bit.png	gtFine/train/erfurt/erfurt_000061_000019_gtFine_labelIds.png
leftImg8bit/train/erfurt/erfurt_000063_000019_leftImg8bit.png	gtFine/train/erfurt/erfurt_000063_000019_gtFine_labelIds.png
leftImg8bit/train/erfurt/erfurt_000066_000019_leftImg8bit.png	gtFine/train/erfurt/erfurt_000066_000019_gtFine_labelIds.png
leftImg8bit/train/erfurt/erfurt_000067_000019_leftImg8bit.png	gtFine/train/erfurt/erfurt_000067_000019_gtFine_labelIds.png
leftImg8bit/train/erfurt/erfurt_000069_000019_leftImg8bit.png	gtFine/train/erfurt/erfurt_000069_000019_gtFine_labelIds.png
leftImg8bit/train/erfurt/erfurt_000070_000019_leftImg8bit.png	gtFine/train/erfurt/erfurt_000070_000019_gtFine_labelIds.png
leftImg8bit/train/erfurt/erfurt_000077_000019_leftImg8bit.png	gtFine/train/erfurt/erfurt_000077_000019_gtFine_labelIds.png
leftImg8bit/train/erfurt/erfurt_000094_000019_leftImg8bit.png	gtFine/train/erfurt/erfurt_000094_000019_gtFine_labelIds.png
leftImg8bit/train/erfurt/erfurt_000098_000019_leftImg8bit.png	gtFine/train/erfurt/erfurt_000098_000019_gtFine_labelIds.png
leftImg8bit/train/erfurt/erfurt_000099_000019_leftImg8bit.png	gtFine/train/erfurt/erfurt_000099_000019_gtFine_labelIds.png
leftImg8bit/train/erfurt/erfurt_000100_000019_leftImg8bit.png	gtFine/train/erfurt/erfurt_000100_000019_gtFine_labelIds.png
leftImg8bit/train/erfurt/erfurt_000102_000019_leftImg8bit.png	gtFine/train/erfurt/erfurt_000102_000019_gtFine_labelIds.png
leftImg8bit/train/erfurt/erfurt_000105_000019_leftImg8bit.png	gtFine/train/erfurt/erfurt_000105_000019_gtFine_labelIds.png
leftImg8bit/train/hamburg/hamburg_000000_003904_leftImg8bit.png	gtFine/train/hamburg/hamburg_000000_003904_gtFine_labelIds.png
leftImg8bit/train/hamburg/hamburg_000000_004985_leftImg8bit.png	gtFine/train/hamburg/hamburg_000000_004985_gtFine_labelIds.png
leftImg8bit/train/hamburg/hamburg_000000_006322_leftImg8bit.png	gtFine/train/hamburg/hamburg_000000_006322_gtFine_labelIds.png
leftImg8bit/train/hamburg/hamburg_000000_007737_leftImg8bit.png	gtFine/train/hamburg/hamburg_000000_007737_gtFine_labelIds.png
leftImg8bit/train/hamburg/hamburg_000000_008494_leftImg8bit.png	gtFine/train/hamburg/hamburg_000000_008494_gtFine_labelIds.png
leftImg8bit/train/hamburg/hamburg_000000_013577_leftImg8bit.png	gtFine/train/hamburg/hamburg_000000_013577_gtFine_labelIds.png
leftImg8bit/train/hamburg/hamburg_000000_014030_leftImg8bit.png	gtFine/train/hamburg/hamburg_000000_014030_gtFine_labelIds.png
leftImg8bit/train/hamburg/hamburg_000000_016447_leftImg8bit.png	gtFine/train/hamburg/hamburg_000000_016447_gtFine_labelIds.png
leftImg8bit/train/hamburg/hamburg_000000_019892_leftImg8bit.png	gtFine/train/hamburg/hamburg_000000_019892_gtFine_labelIds.png
leftImg8bit/train/hamburg/hamburg_000000_020211_leftImg8bit.png	gtFine/train/hamburg/hamburg_000000_020211_gtFine_labelIds.png
leftImg8bit/train/hamburg/hamburg_000000_024251_leftImg8bit.png	gtFine/train/hamburg/hamburg_000000_024251_gtFine_labelIds.png
leftImg8bit/train/hamburg/hamburg_000000_025802_leftImg8bit.png	gtFine/train/hamburg/hamburg_000000_025802_gtFine_labelIds.png
leftImg8bit/train/hamburg/hamburg_000000_028608_leftImg8bit.png	gtFine/train/hamburg/hamburg_000000_028608_gtFine_labelIds.png
leftImg8bit/train/hamburg/hamburg_000000_032266_leftImg8bit.png	gtFine/train/hamburg/hamburg_000000_032266_gtFine_labelIds.png
leftImg8bit/train/hamburg/hamburg_000000_032460_leftImg8bit.png	gtFine/train/hamburg/hamburg_000000_032460_gtFine_labelIds.png
leftImg8bit/train/hamburg/hamburg_000000_035568_leftImg8bit.png	gtFine/train/hamburg/hamburg_000000_035568_gtFine_labelIds.png
leftImg8bit/train/hamburg/hamburg_000000_038446_leftImg8bit.png	gtFine/train/hamburg/hamburg_000000_038446_gtFine_labelIds.png
leftImg8bit/train/hamburg/hamburg_000000_039546_leftImg8bit.png	gtFine/train/hamburg/hamburg_000000_039546_gtFine_labelIds.png
leftImg8bit/train/hamburg/hamburg_000000_040021_leftImg8bit.png	gtFine/train/hamburg/hamburg_000000_040021_gtFine_labelIds.png
leftImg8bit/train/hamburg/hamburg_000000_042505_leftImg8bit.png	gtFine/train/hamburg/hamburg_000000_042505_gtFine_labelIds.png
leftImg8bit/train/hamburg/hamburg_000000_044251_leftImg8bit.png	gtFine/train/hamburg/hamburg_000000_044251_gtFine_labelIds.png
leftImg8bit/train/hamburg/hamburg_000000_046078_leftImg8bit.png	gtFine/train/hamburg/hamburg_000000_046078_gtFine_labelIds.png
leftImg8bit/train/hamburg/hamburg_000000_047220_leftImg8bit.png	gtFine/train/hamburg/hamburg_000000_047220_gtFine_labelIds.png
leftImg8bit/train/hamburg/hamburg_000000_054220_leftImg8bit.png	gtFine/train/hamburg/hamburg_000000_054220_gtFine_labelIds.png
leftImg8bit/train/hamburg/hamburg_000000_056229_leftImg8bit.png	gtFine/train/hamburg/hamburg_000000_056229_gtFine_labelIds.png
leftImg8bit/train/hamburg/hamburg_000000_057487_leftImg8bit.png	gtFine/train/hamburg/hamburg_000000_057487_gtFine_labelIds.png
leftImg8bit/train/hamburg/hamburg_000000_061048_leftImg8bit.png	gtFine/train/hamburg/hamburg_000000_061048_gtFine_labelIds.png
leftImg8bit/train/hamburg/hamburg_000000_062371_leftImg8bit.png	gtFine/train/hamburg/hamburg_000000_062371_gtFine_labelIds.png
leftImg8bit/train/hamburg/hamburg_000000_062710_leftImg8bit.png	gtFine/train/hamburg/hamburg_000000_062710_gtFine_labelIds.png
leftImg8bit/train/hamburg/hamburg_000000_065604_leftImg8bit.png	gtFine/train/hamburg/hamburg_000000_065604_gtFine_labelIds.png
leftImg8bit/train/hamburg/hamburg_000000_069096_leftImg8bit.png	gtFine/train/hamburg/hamburg_000000_069096_gtFine_labelIds.png
leftImg8bit/train/hamburg/hamburg_000000_071150_leftImg8bit.png	gtFine/train/hamburg/hamburg_000000_071150_gtFine_labelIds.png
leftImg8bit/train/hamburg/hamburg_000000_073672_leftImg8bit.png	gtFine/train/hamburg/hamburg_000000_073672_gtFine_labelIds.png
leftImg8bit/train/hamburg/hamburg_000000_073999_leftImg8bit.png	gtFine/train/hamburg/hamburg_000000_073999_gtFine_labelIds.png
leftImg8bit/train/hamburg/hamburg_000000_074139_leftImg8bit.png	gtFine/train/hamburg/hamburg_000000_074139_gtFine_labelIds.png
leftImg8bit/train/hamburg/hamburg_000000_074425_leftImg8bit.png	gtFine/train/hamburg/hamburg_000000_074425_gtFine_labelIds.png
leftImg8bit/train/hamburg/hamburg_000000_076966_leftImg8bit.png	gtFine/train/hamburg/hamburg_000000_076966_gtFine_labelIds.png
leftImg8bit/train/hamburg/hamburg_000000_077642_leftImg8bit.png	gtFine/train/hamburg/hamburg_000000_077642_gtFine_labelIds.png
leftImg8bit/train/hamburg/hamburg_000000_077927_leftImg8bit.png	gtFine/train/hamburg/hamburg_000000_077927_gtFine_labelIds.png
leftImg8bit/train/hamburg/hamburg_000000_080169_leftImg8bit.png	gtFine/train/hamburg/hamburg_000000_080169_gtFine_labelIds.png
leftImg8bit/train/hamburg/hamburg_000000_083696_leftImg8bit.png	gtFine/train/hamburg/hamburg_000000_083696_gtFine_labelIds.png
leftImg8bit/train/hamburg/hamburg_000000_084865_leftImg8bit.png	gtFine/train/hamburg/hamburg_000000_084865_gtFine_labelIds.png
leftImg8bit/train/hamburg/hamburg_000000_086636_leftImg8bit.png	gtFine/train/hamburg/hamburg_000000_086636_gtFine_labelIds.png
leftImg8bit/train/hamburg/hamburg_000000_090398_leftImg8bit.png	gtFine/train/hamburg/hamburg_000000_090398_gtFine_labelIds.png
leftImg8bit/train/hamburg/hamburg_000000_091900_leftImg8bit.png	gtFine/train/hamburg/hamburg_000000_091900_gtFine_labelIds.png
leftImg8bit/train/hamburg/hamburg_000000_093325_leftImg8bit.png	gtFine/train/hamburg/hamburg_000000_093325_gtFine_labelIds.png
leftImg8bit/train/hamburg/hamburg_000000_095561_leftImg8bit.png	gtFine/train/hamburg/hamburg_000000_095561_gtFine_labelIds.png
leftImg8bit/train/hamburg/hamburg_000000_096624_leftImg8bit.png	gtFine/train/hamburg/hamburg_000000_096624_gtFine_labelIds.png
leftImg8bit/train/hamburg/hamburg_000000_097447_leftImg8bit.png	gtFine/train/hamburg/hamburg_000000_097447_gtFine_labelIds.png
leftImg8bit/train/hamburg/hamburg_000000_100300_leftImg8bit.png	gtFine/train/hamburg/hamburg_000000_100300_gtFine_labelIds.png
leftImg8bit/train/hamburg/hamburg_000000_101724_leftImg8bit.png	gtFine/train/hamburg/hamburg_000000_101724_gtFine_labelIds.png
leftImg8bit/train/hamburg/hamburg_000000_102379_leftImg8bit.png	gtFine/train/hamburg/hamburg_000000_102379_gtFine_labelIds.png
leftImg8bit/train/hamburg/hamburg_000000_103075_leftImg8bit.png	gtFine/train/hamburg/hamburg_000000_103075_gtFine_labelIds.png
leftImg8bit/train/hamburg/hamburg_000000_103186_leftImg8bit.png	gtFine/train/hamburg/hamburg_000000_103186_gtFine_labelIds.png
leftImg8bit/train/hamburg/hamburg_000000_103541_leftImg8bit.png	gtFine/train/hamburg/hamburg_000000_103541_gtFine_labelIds.png
leftImg8bit/train/hamburg/hamburg_000000_104857_leftImg8bit.png	gtFine/train/hamburg/hamburg_000000_104857_gtFine_labelIds.png
leftImg8bit/train/hamburg/hamburg_000000_105296_leftImg8bit.png	gtFine/train/hamburg/hamburg_000000_105296_gtFine_labelIds.png
leftImg8bit/train/hamburg/hamburg_000000_105724_leftImg8bit.png	gtFine/train/hamburg/hamburg_000000_105724_gtFine_labelIds.png
leftImg8bit/train/hamburg/hamburg_000000_106102_leftImg8bit.png	gtFine/train/hamburg/hamburg_000000_106102_gtFine_labelIds.png
leftImg8bit/train/hanover/hanover_000000_000381_leftImg8bit.png	gtFine/train/hanover/hanover_000000_000381_gtFine_labelIds.png
leftImg8bit/train/hanover/hanover_000000_004230_leftImg8bit.png	gtFine/train/hanover/hanover_000000_004230_gtFine_labelIds.png
leftImg8bit/train/hanover/hanover_000000_005970_leftImg8bit.png	gtFine/train/hanover/hanover_000000_005970_gtFine_labelIds.png
leftImg8bit/train/hanover/hanover_000000_007342_leftImg8bit.png	gtFine/train/hanover/hanover_000000_007342_gtFine_labelIds.png
leftImg8bit/train/hanover/hanover_000000_007897_leftImg8bit.png	gtFine/train/hanover/hanover_000000_007897_gtFine_labelIds.png
leftImg8bit/train/hanover/hanover_000000_009004_leftImg8bit.png	gtFine/train/hanover/hanover_000000_009004_gtFine_labelIds.png
leftImg8bit/train/hanover/hanover_000000_011170_leftImg8bit.png	gtFine/train/hanover/hanover_000000_011170_gtFine_labelIds.png
leftImg8bit/train/hanover/hanover_000000_011471_leftImg8bit.png	gtFine/train/hanover/hanover_000000_011471_gtFine_labelIds.png
leftImg8bit/train/hanover/hanover_000000_013814_leftImg8bit.png	gtFine/train/hanover/hanover_000000_013814_gtFine_labelIds.png
leftImg8bit/train/hanover/hanover_000000_014713_leftImg8bit.png	gtFine/train/hanover/hanover_000000_014713_gtFine_labelIds.png
leftImg8bit/train/hanover/hanover_000000_016038_leftImg8bit.png	gtFine/train/hanover/hanover_000000_016038_gtFine_labelIds.png
leftImg8bit/train/hanover/hanover_000000_019116_leftImg8bit.png	gtFine/train/hanover/hanover_000000_019116_gtFine_labelIds.png
leftImg8bit/train/hanover/hanover_000000_019456_leftImg8bit.png	gtFine/train/hanover/hanover_000000_019456_gtFine_labelIds.png
leftImg8bit/train/hanover/hanover_000000_019672_leftImg8bit.png	gtFine/train/hanover/hanover_000000_019672_gtFine_labelIds.png
leftImg8bit/train/hanover/hanover_000000_021337_leftImg8bit.png	gtFine/train/hanover/hanover_000000_021337_gtFine_labelIds.png
leftImg8bit/train/hanover/hanover_000000_023881_leftImg8bit.png	gtFine/train/hanover/hanover_000000_023881_gtFine_labelIds.png
leftImg8bit/train/hanover/hanover_000000_024136_leftImg8bit.png	gtFine/train/hanover/hanover_000000_024136_gtFine_labelIds.png
leftImg8bit/train/hanover/hanover_000000_026014_leftImg8bit.png	gtFine/train/hanover/hanover_000000_026014_gtFine_labelIds.png
leftImg8bit/train/hanover/hanover_000000_027390_leftImg8bit.png	gtFine/train/hanover/hanover_000000_027390_gtFine_labelIds.png
leftImg8bit/train/hanover/hanover_000000_027561_leftImg8bit.png	gtFine/train/hanover/hanover_000000_027561_gtFine_labelIds.png
leftImg8bit/train/hanover/hanover_000000_027766_leftImg8bit.png	gtFine/train/hanover/hanover_000000_027766_gtFine_labelIds.png
leftImg8bit/train/hanover/hanover_000000_028460_leftImg8bit.png	gtFine/train/hanover/hanover_000000_028460_gtFine_labelIds.png
leftImg8bit/train/hanover/hanover_000000_029325_leftImg8bit.png	gtFine/train/hanover/hanover_000000_029325_gtFine_labelIds.png
leftImg8bit/train/hanover/hanover_000000_030346_leftImg8bit.png	gtFine/train/hanover/hanover_000000_030346_gtFine_labelIds.png
leftImg8bit/train/hanover/hanover_000000_034347_leftImg8bit.png	gtFine/train/hanover/hanover_000000_034347_gtFine_labelIds.png
leftImg8bit/train/hanover/hanover_000000_034720_leftImg8bit.png	gtFine/train/hanover/hanover_000000_034720_gtFine_labelIds.png
leftImg8bit/train/hanover/hanover_000000_035491_leftImg8bit.png	gtFine/train/hanover/hanover_000000_035491_gtFine_labelIds.png
leftImg8bit/train/hanover/hanover_000000_035768_leftImg8bit.png	gtFine/train/hanover/hanover_000000_035768_gtFine_labelIds.png
leftImg8bit/train/hanover/hanover_000000_038773_leftImg8bit.png	gtFine/train/hanover/hanover_000000_038773_gtFine_labelIds.png
leftImg8bit/train/hanover/hanover_000000_039470_leftImg8bit.png	gtFine/train/hanover/hanover_000000_039470_gtFine_labelIds.png
leftImg8bit/train/hanover/hanover_000000_040456_leftImg8bit.png	gtFine/train/hanover/hanover_000000_040456_gtFine_labelIds.png
leftImg8bit/train/hanover/hanover_000000_042255_leftImg8bit.png	gtFine/train/hanover/hanover_000000_042255_gtFine_labelIds.png
leftImg8bit/train/hanover/hanover_000000_044085_leftImg8bit.png	gtFine/train/hanover/hanover_000000_044085_gtFine_labelIds.png
leftImg8bit/train/hanover/hanover_000000_044195_leftImg8bit.png	gtFine/train/hanover/hanover_000000_044195_gtFine_labelIds.png
leftImg8bit/train/hanover/hanover_000000_046200_leftImg8bit.png	gtFine/train/hanover/hanover_000000_046200_gtFine_labelIds.png
leftImg8bit/train/hanover/hanover_000000_046398_leftImg8bit.png	gtFine/train/hanover/hanover_000000_046398_gtFine_labelIds.png
leftImg8bit/train/hanover/hanover_000000_048508_leftImg8bit.png	gtFine/train/hanover/hanover_000000_048508_gtFine_labelIds.png
leftImg8bit/train/hanover/hanover_000000_050228_leftImg8bit.png	gtFine/train/hanover/hanover_000000_050228_gtFine_labelIds.png
leftImg8bit/train/hanover/hanover_000000_056361_leftImg8bit.png	gtFine/train/hanover/hanover_000000_056361_gtFine_labelIds.png
leftImg8bit/train/hanover/hanover_000000_056457_leftImg8bit.png	gtFine/train/hanover/hanover_000000_056457_gtFine_labelIds.png
leftImg8bit/train/jena/jena_000002_000019_leftImg8bit.png	gtFine/train/jena/jena_000002_000019_gtFine_labelIds.png
leftImg8bit/train/jena/jena_000005_000019_leftImg8bit.png	gtFine/train/jena/jena_000005_000019_gtFine_labelIds.png
leftImg8bit/train/jena/jena_000007_000019_leftImg8bit.png	gtFine/train/jena/jena_000007_000019_gtFine_labelIds.png
leftImg8bit/train/jena/jena_000008_000019_leftImg8bit.png	gtFine/train/jena/jena_000008_000019_gtFine_labelIds.png
leftImg8bit/train/jena/jena_000013_000019_leftImg8bit.png	gtFine/train/jena/jena_000013_000019_gtFine_labelIds.png
leftImg8bit/train/jena/jena_000016_000019_leftImg8bit.png	gtFine/train/jena/jena_000016_000019_gtFine_labelIds.png
leftImg8bit/train/jena/jena_000020_000019_leftImg8bit.png	gtFine/train/jena/jena_000020_000019_gtFine_labelIds.png
leftImg8bit/train/jena/jena_000027_000019_leftImg8bit.png	gtFine/train/jena/jena_000027_000019_gtFine_labelIds.png
leftImg8bit/train/jena/jena_000050_000019_leftImg8bit.png	gtFine/train/jena/jena_000050_000019_gtFine_labelIds.png
leftImg8bit/train/jena/jena_000053_000019_leftImg8bit.png	gtFine/train/jena/jena_000053_000019_gtFine_labelIds.png
leftImg8bit/train/jena/jena_000059_000019_leftImg8bit.png	gtFine/train/jena/jena_000059_000019_gtFine_labelIds.png
leftImg8bit/train/jena/jena_000060_000019_leftImg8bit.png	gtFine/train/jena/jena_000060_000019_gtFine_labelIds.png
leftImg8bit/train/jena/jena_000062_000019_leftImg8bit.png	gtFine/train/jena/jena_000062_000019_gtFine_labelIds.png
leftImg8bit/train/jena/jena_000064_000019_leftImg8bit.png	gtFine/train/jena/jena_000064_000019_gtFine_labelIds.png
leftImg8bit/train/jena/jena_000067_000019_leftImg8bit.png	gtFine/train/jena/jena_000067_000019_gtFine_labelIds.png
leftImg8bit/train/jena/jena_000070_000019_leftImg8bit.png	gtFine/train/jena/jena_000070_000019_gtFine_labelIds.png
leftImg8bit/train/jena/jena_000072_000019_leftImg8bit.png	gtFine/train/jena/jena_000072_000019_gtFine_labelIds.png
leftImg8bit/train/jena/jena_000076_000019_leftImg8bit.png	gtFine/train/jena/jena_000076_000019_gtFine_labelIds.png
leftImg8bit/train/jena/jena_000085_000019_leftImg8bit.png	gtFine/train/jena/jena_000085_000019_gtFine_labelIds.png
leftImg8bit/train/jena/jena_000092_000019_leftImg8bit.png	gtFine/train/jena/jena_000092_000019_gtFine_labelIds.png
leftImg8bit/train/jena/jena_000097_000019_leftImg8bit.png	gtFine/train/jena/jena_000097_000019_gtFine_labelIds.png
leftImg8bit/train/jena/jena_000100_000019_leftImg8bit.png	gtFine/train/jena/jena_000100_000019_gtFine_labelIds.png
leftImg8bit/train/jena/jena_000107_000019_leftImg8bit.png	gtFine/train/jena/jena_000107_000019_gtFine_labelIds.png
leftImg8bit/train/jena/jena_000115_000019_leftImg8bit.png	gtFine/train/jena/jena_000115_000019_gtFine_labelIds.png
leftImg8bit/train/jena/jena_000118_000019_leftImg8bit.png	gtFine/train/jena/jena_000118_000019_gtFine_labelIds.png
leftImg8bit/train/krefeld/krefeld_000000_002083_leftImg8bit.png	gtFine/train/krefeld/krefeld_000000_002083_gtFine_labelIds.png
leftImg8bit/train/krefeld/krefeld_000000_003937_leftImg8bit.png	gtFine/train/krefeld/krefeld_000000_003937_gtFine_labelIds.png
leftImg8bit/train/krefeld/krefeld_000000_004447_leftImg8bit.png	gtFine/train/krefeld/krefeld_000000_004447_gtFine_labelIds.png
leftImg8bit/train/krefeld/krefeld_000000_004608_leftImg8bit.png	gtFine/train/krefeld/krefeld_000000_004608_gtFine_labelIds.png
leftImg8bit/train/krefeld/krefeld_000000_006274_leftImg8bit.png	gtFine/train/krefeld/krefeld_000000_006274_gtFine_labelIds.png
leftImg8bit/train/krefeld/krefeld_000000_010160_leftImg8bit.png	gtFine/train/krefeld/krefeld_000000_010160_gtFine_labelIds.png
leftImg8bit/train/krefeld/krefeld_000000_013766_leftImg8bit.png	gtFine/train/krefeld/krefeld_000000_013766_gtFine_labelIds.png
leftImg8bit/train/krefeld/krefeld_000000_014146_leftImg8bit.png	gtFine/train/krefeld/krefeld_000000_014146_gtFine_labelIds.png
leftImg8bit/train/krefeld/krefeld_000000_016863_leftImg8bit.png	gtFine/train/krefeld/krefeld_000000_016863_gtFine_labelIds.png
leftImg8bit/train/krefeld/krefeld_000000_018004_leftImg8bit.png	gtFine/train/krefeld/krefeld_000000_018004_gtFine_labelIds.png
leftImg8bit/train/krefeld/krefeld_000000_018866_leftImg8bit.png	gtFine/train/krefeld/krefeld_000000_018866_gtFine_labelIds.png
leftImg8bit/train/krefeld/krefeld_000000_020933_leftImg8bit.png	gtFine/train/krefeld/krefeld_000000_020933_gtFine_labelIds.png
leftImg8bit/train/krefeld/krefeld_000000_023338_leftImg8bit.png	gtFine/train/krefeld/krefeld_000000_023338_gtFine_labelIds.png
leftImg8bit/train/krefeld/krefeld_000000_025812_leftImg8bit.png	gtFine/train/krefeld/krefeld_000000_025812_gtFine_labelIds.png
leftImg8bit/train/krefeld/krefeld_000000_026269_leftImg8bit.png	gtFine/train/krefeld/krefeld_000000_026269_gtFine_labelIds.png
leftImg8bit/train/krefeld/krefeld_000000_027075_leftImg8bit.png	gtFine/train/krefeld/krefeld_000000_027075_gtFine_labelIds.png
leftImg8bit/train/krefeld/krefeld_000000_030400_leftImg8bit.png	gtFine/train/krefeld/krefeld_000000_030400_gtFine_labelIds.png
leftImg8bit/train/krefeld/krefeld_000000_032390_leftImg8bit.png	gtFine/train/krefeld/krefeld_000000_032390_gtFine_labelIds.png
leftImg8bit/train/monchengladbach/monchengladbach_000000_000076_leftImg8bit.png	gtFine/train/monchengladbach/monchengladbach_000000_000076_gtFine_labelIds.png
leftImg8bit/train/monchengladbach/monchengladbach_000000_000383_leftImg8bit.png	gtFine/train/monchengladbach/monchengladbach_000000_000383_gtFine_labelIds.png
leftImg8bit/train/monchengladbach/monchengladbach_000000_002478_leftImg8bit.png	gtFine/train/monchengladbach/monchengladbach_000000_002478_gtFine_labelIds.png
leftImg8bit/train/monchengladbach/monchengladbach_000000_002972_leftImg8bit.png	gtFine/train/monchengladbach/monchengladbach_000000_002972_gtFine_labelIds.png
leftImg8bit/train/monchengladbach/monchengladbach_000000_006169_leftImg8bit.png	gtFine/train/monchengladbach/monchengladbach_000000_006169_gtFine_labelIds.png
leftImg8bit/train/monchengladbach/monchengladbach_000000_010860_leftImg8bit.png	gtFine/train/monchengladbach/monchengladbach_000000_010860_gtFine_labelIds.png
leftImg8bit/train/monchengladbach/monchengladbach_000000_013352_leftImg8bit.png	gtFine/train/monchengladbach/monchengladbach_000000_013352_gtFine_labelIds.png
leftImg8bit/train/monchengladbach/monchengladbach_000000_015126_leftImg8bit.png	gtFine/train/monchengladbach/monchengladbach_000000_015126_gtFine_labelIds.png
leftImg8bit/train/monchengladbach/monchengladbach_000000_015561_leftImg8bit.png	gtFine/train/monchengladbach/monchengladbach_000000_015561_gtFine_labelIds.png
leftImg8bit/train/monchengladbach/monchengladbach_000000_019142_leftImg8bit.png	gtFine/train/monchengladbach/monchengladbach_000000_019142_gtFine_labelIds.png
leftImg8bit/train/monchengladbach/monchengladbach_000000_020596_leftImg8bit.png	gtFine/train/monchengladbach/monchengladbach_000000_020596_gtFine_labelIds.png
leftImg8bit/train/monchengladbach/monchengladbach_000000_023375_leftImg8bit.png	gtFine/train/monchengladbach/monchengladbach_000000_023375_gtFine_labelIds.png
leftImg8bit/train/monchengladbach/monchengladbach_000000_023856_leftImg8bit.png	gtFine/train/monchengladbach/monchengladbach_000000_023856_gtFine_labelIds.png
leftImg8bit/train/monchengladbach/monchengladbach_000000_026305_leftImg8bit.png	gtFine/train/monchengladbach/monchengladbach_000000_026305_gtFine_labelIds.png
leftImg8bit/train/monchengladbach/monchengladbach_000000_027628_leftImg8bit.png	gtFine/train/monchengladbach/monchengladbach_000000_027628_gtFine_labelIds.png
leftImg8bit/train/monchengladbach/monchengladbach_000000_029526_leftImg8bit.png	gtFine/train/monchengladbach/monchengladbach_000000_029526_gtFine_labelIds.png
leftImg8bit/train/monchengladbach/monchengladbach_000000_034302_leftImg8bit.png	gtFine/train/monchengladbach/monchengladbach_000000_034302_gtFine_labelIds.png
leftImg8bit/train/monchengladbach/monchengladbach_000000_034930_leftImg8bit.png	gtFine/train/monchengladbach/monchengladbach_000000_034930_gtFine_labelIds.png
leftImg8bit/train/monchengladbach/monchengladbach_000000_035650_leftImg8bit.png	gtFine/train/monchengladbach/monchengladbach_000000_035650_gtFine_labelIds.png
leftImg8bit/train/monchengladbach/monchengladbach_000001_000168_leftImg8bit.png	gtFine/train/monchengladbach/monchengladbach_000001_000168_gtFine_labelIds.png
leftImg8bit/train/monchengladbach/monchengladbach_000001_000537_leftImg8bit.png	gtFine/train/monchengladbach/monchengladbach_000001_000537_gtFine_labelIds.png
leftImg8bit/train/monchengladbach/monchengladbach_000001_001531_leftImg8bit.png	gtFine/train/monchengladbach/monchengladbach_000001_001531_gtFine_labelIds.png
leftImg8bit/train/strasbourg/strasbourg_000000_003846_leftImg8bit.png	gtFine/train/strasbourg/strasbourg_000000_003846_gtFine_labelIds.png
leftImg8bit/train/strasbourg/strasbourg_000000_005995_leftImg8bit.png	gtFine/train/strasbourg/strasbourg_000000_005995_gtFine_labelIds.png
leftImg8bit/train/strasbourg/strasbourg_000000_006621_leftImg8bit.png	gtFine/train/strasbourg/strasbourg_000000_006621_gtFine_labelIds.png
leftImg8bit/train/strasbourg/strasbourg_000000_008603_leftImg8bit.png	gtFine/train/strasbourg/strasbourg_000000_008603_gtFine_labelIds.png
leftImg8bit/train/strasbourg/strasbourg_000000_009619_leftImg8bit.png	gtFine/train/strasbourg/strasbourg_000000_009619_gtFine_labelIds.png
leftImg8bit/train/strasbourg/strasbourg_000000_011880_leftImg8bit.png	gtFine/train/strasbourg/strasbourg_000000_011880_gtFine_labelIds.png
leftImg8bit/train/strasbourg/strasbourg_000000_013223_leftImg8bit.png	gtFine/train/strasbourg/strasbourg_000000_013223_gtFine_labelIds.png
leftImg8bit/train/strasbourg/strasbourg_000000_013322_leftImg8bit.png	gtFine/train/strasbourg/strasbourg_000000_013322_gtFine_labelIds.png
leftImg8bit/train/strasbourg/strasbourg_000000_014931_leftImg8bit.png	gtFine/train/strasbourg/strasbourg_000000_014931_gtFine_labelIds.png
leftImg8bit/train/strasbourg/strasbourg_000000_015764_leftImg8bit.png	gtFine/train/strasbourg/strasbourg_000000_015764_gtFine_labelIds.png
leftImg8bit/train/strasbourg/strasbourg_000000_016436_leftImg8bit.png	gtFine/train/strasbourg/strasbourg_000000_016436_gtFine_labelIds.png
leftImg8bit/train/strasbourg/strasbourg_000000_017081_leftImg8bit.png	gtFine/train/strasbourg/strasbourg_000000_017081_gtFine_labelIds.png
leftImg8bit/train/strasbourg/strasbourg_000000_017159_leftImg8bit.png	gtFine/train/strasbourg/strasbourg_000000_017159_gtFine_labelIds.png
leftImg8bit/train/strasbourg/strasbourg_000000_018358_leftImg8bit.png	gtFine/train/strasbourg/strasbourg_000000_018358_gtFine_labelIds.png
leftImg8bit/train/strasbourg/strasbourg_000000_018874_leftImg8bit.png	gtFine/train/strasbourg/strasbourg_000000_018874_gtFine_labelIds.png
leftImg8bit/train/strasbourg/strasbourg_000000_019355_leftImg8bit.png	gtFine/train/strasbourg/strasbourg_000000_019355_gtFine_labelIds.png
leftImg8bit/train/strasbourg/strasbourg_000000_020432_leftImg8bit.png	gtFine/train/strasbourg/strasbourg_000000_020432_gtFine_labelIds.png
leftImg8bit/train/strasbourg/strasbourg_000000_020653_leftImg8bit.png	gtFine/train/strasbourg/strasbourg_000000_020653_gtFine_labelIds.png
leftImg8bit/train/strasbourg/strasbourg_000000_026575_leftImg8bit.png	gtFine/train/strasbourg/strasbourg_000000_026575_gtFine_labelIds.png
leftImg8bit/train/strasbourg/strasbourg_000000_027156_leftImg8bit.png	gtFine/train/strasbourg/strasbourg_000000_027156_gtFine_labelIds.png
leftImg8bit/train/strasbourg/strasbourg_000000_028822_leftImg8bit.png	gtFine/train/strasbourg/strasbourg_000000_028822_gtFine_labelIds.png
leftImg8bit/train/strasbourg/strasbourg_000000_029481_leftImg8bit.png	gtFine/train/strasbourg/strasbourg_000000_029481_gtFine_labelIds.png
leftImg8bit/train/strasbourg/strasbourg_000000_029729_leftImg8bit.png	gtFine/train/strasbourg/strasbourg_000000_029729_gtFine_labelIds.png
leftImg8bit/train/strasbourg/strasbourg_000000_030706_leftImg8bit.png	gtFine/train/strasbourg/strasbourg_000000_030706_gtFine_labelIds.png
leftImg8bit/train/strasbourg/strasbourg_000000_031067_leftImg8bit.png	gtFine/train/strasbourg/strasbourg_000000_031067_gtFine_labelIds.png
leftImg8bit/train/strasbourg/strasbourg_000000_031223_leftImg8bit.png	gtFine/train/strasbourg/strasbourg_000000_031223_gtFine_labelIds.png
leftImg8bit/train/strasbourg/strasbourg_000000_033425_leftImg8bit.png	gtFine/train/strasbourg/strasbourg_000000_033425_gtFine_labelIds.png
leftImg8bit/train/strasbourg/strasbourg_000000_034387_leftImg8bit.png	gtFine/train/strasbourg/strasbourg_000000_034387_gtFine_labelIds.png
leftImg8bit/train/strasbourg/strasbourg_000000_035008_leftImg8bit.png	gtFine/train/strasbourg/strasbourg_000000_035008_gtFine_labelIds.png
leftImg8bit/train/strasbourg/strasbourg_000000_035255_leftImg8bit.png	gtFine/train/strasbourg/strasbourg_000000_035255_gtFine_labelIds.png
leftImg8bit/train/strasbourg/strasbourg_000001_004745_leftImg8bit.png	gtFine/train/strasbourg/strasbourg_000001_004745_gtFine_labelIds.png
leftImg8bit/train/strasbourg/strasbourg_000001_004983_leftImg8bit.png	gtFine/train/strasbourg/strasbourg_000001_004983_gtFine_labelIds.png
leftImg8bit/train/strasbourg/strasbourg_000001_005289_leftImg8bit.png	gtFine/train/strasbourg/strasbourg_000001_005289_gtFine_labelIds.png
leftImg8bit/train/strasbourg/strasbourg_000001_007524_leftImg8bit.png	gtFine/train/strasbourg/strasbourg_000001_007524_gtFine_labelIds.png
leftImg8bit/train/strasbourg/strasbourg_000001_008576_leftImg8bit.png	gtFine/train/strasbourg/strasbourg_000001_008576_gtFine_labelIds.png
leftImg8bit/train/strasbourg/strasbourg_000001_008771_leftImg8bit.png	gtFine/train/strasbourg/strasbourg_000001_008771_gtFine_labelIds.png
leftImg8bit/train/strasbourg/strasbourg_000001_009333_leftImg8bit.png	gtFine/train/strasbourg/strasbourg_000001_009333_gtFine_labelIds.png
leftImg8bit/train/strasbourg/strasbourg_000001_009471_leftImg8bit.png	gtFine/train/strasbourg/strasbourg_000001_009471_gtFine_labelIds.png
leftImg8bit/train/strasbourg/strasbourg_000001_010445_leftImg8bit.png	gtFine/train/strasbourg/strasbourg_000001_010445_gtFine_labelIds.png
leftImg8bit/train/strasbourg/strasbourg_000001_011617_leftImg8bit.png	gtFine/train/strasbourg/strasbourg_000001_011617_gtFine_labelIds.png
leftImg8bit/train/strasbourg/strasbourg_000001_013914_leftImg8bit.png	gtFine/train/strasbourg/strasbourg_000001_013914_gtFine_labelIds.png
leftImg8bit/train/strasbourg/strasbourg_000001_014629_leftImg8bit.png	gtFine/train/strasbourg/strasbourg_000001_014629_gtFine_labelIds.png
leftImg8bit/train/strasbourg/strasbourg_000001_015220_leftImg8bit.png	gtFine/train/strasbourg/strasbourg_000001_015220_gtFine_labelIds.png
leftImg8bit/train/strasbourg/strasbourg_000001_020904_leftImg8bit.png	gtFine/train/strasbourg/strasbourg_000001_020904_gtFine_labelIds.png
leftImg8bit/train/strasbourg/strasbourg_000001_021951_leftImg8bit.png	gtFine/train/strasbourg/strasbourg_000001_021951_gtFine_labelIds.png
leftImg8bit/train/strasbourg/strasbourg_000001_022836_leftImg8bit.png	gtFine/train/strasbourg/strasbourg_000001_022836_gtFine_labelIds.png
leftImg8bit/train/strasbourg/strasbourg_000001_024701_leftImg8bit.png	gtFine/train/strasbourg/strasbourg_000001_024701_gtFine_labelIds.png
leftImg8bit/train/strasbourg/strasbourg_000001_029980_leftImg8bit.png	gtFine/train/strasbourg/strasbourg_000001_029980_gtFine_labelIds.png
leftImg8bit/train/strasbourg/strasbourg_000001_030120_leftImg8bit.png	gtFine/train/strasbourg/strasbourg_000001_030120_gtFine_labelIds.png
leftImg8bit/train/strasbourg/strasbourg_000001_030269_leftImg8bit.png	gtFine/train/strasbourg/strasbourg_000001_030269_gtFine_labelIds.png
leftImg8bit/train/strasbourg/strasbourg_000001_031116_leftImg8bit.png	gtFine/train/strasbourg/strasbourg_000001_031116_gtFine_labelIds.png
leftImg8bit/train/strasbourg/strasbourg_000001_033448_leftImg8bit.png	gtFine/train/strasbourg/strasbourg_000001_033448_gtFine_labelIds.png
leftImg8bit/train/strasbourg/strasbourg_000001_036232_leftImg8bit.png	gtFine/train/strasbourg/strasbourg_000001_036232_gtFine_labelIds.png
leftImg8bit/train/strasbourg/strasbourg_000001_039446_leftImg8bit.png	gtFine/train/strasbourg/strasbourg_000001_039446_gtFine_labelIds.png
leftImg8bit/train/strasbourg/strasbourg_000001_042235_leftImg8bit.png	gtFine/train/strasbourg/strasbourg_000001_042235_gtFine_labelIds.png
leftImg8bit/train/strasbourg/strasbourg_000001_042309_leftImg8bit.png	gtFine/train/strasbourg/strasbourg_000001_042309_gtFine_labelIds.png
leftImg8bit/train/strasbourg/strasbourg_000001_042434_leftImg8bit.png	gtFine/train/strasbourg/strasbourg_000001_042434_gtFine_labelIds.png
leftImg8bit/train/strasbourg/strasbourg_000001_045880_leftImg8bit.png	gtFine/train/strasbourg/strasbourg_000001_045880_gtFine_labelIds.png
leftImg8bit/train/strasbourg/strasbourg_000001_048121_leftImg8bit.png	gtFine/train/strasbourg/strasbourg_000001_048121_gtFine_labelIds.png
leftImg8bit/train/strasbourg/strasbourg_000001_049776_leftImg8bit.png	gtFine/train/strasbourg/strasbourg_000001_049776_gtFine_labelIds.png
leftImg8bit/train/strasbourg/strasbourg_000001_051317_leftImg8bit.png	gtFine/train/strasbourg/strasbourg_000001_051317_gtFine_labelIds.png
leftImg8bit/train/strasbourg/strasbourg_000001_051661_leftImg8bit.png	gtFine/train/strasbourg/strasbourg_000001_051661_gtFine_labelIds.png
leftImg8bit/train/strasbourg/strasbourg_000001_051934_leftImg8bit.png	gtFine/train/strasbourg/strasbourg_000001_051934_gtFine_labelIds.png
leftImg8bit/train/strasbourg/strasbourg_000001_052430_leftImg8bit.png	gtFine/train/strasbourg/strasbourg_000001_052430_gtFine_labelIds.png
leftImg8bit/train/strasbourg/strasbourg_000001_053579_leftImg8bit.png	gtFine/train/strasbourg/strasbourg_000001_053579_gtFine_labelIds.png
leftImg8bit/train/strasbourg/strasbourg_000001_053976_leftImg8bit.png	gtFine/train/strasbourg/strasbourg_000001_053976_gtFine_labelIds.png
leftImg8bit/train/strasbourg/strasbourg_000001_055698_leftImg8bit.png	gtFine/train/strasbourg/strasbourg_000001_055698_gtFine_labelIds.png
leftImg8bit/train/strasbourg/strasbourg_000001_056330_leftImg8bit.png	gtFine/train/strasbourg/strasbourg_000001_056330_gtFine_labelIds.png
leftImg8bit/train/strasbourg/strasbourg_000001_058105_leftImg8bit.png	gtFine/train/strasbourg/strasbourg_000001_058105_gtFine_labelIds.png
leftImg8bit/train/strasbourg/strasbourg_000001_059914_leftImg8bit.png	gtFine/train/strasbourg/strasbourg_000001_059914_gtFine_labelIds.png
leftImg8bit/train/strasbourg/strasbourg_000001_060173_leftImg8bit.png	gtFine/train/strasbourg/strasbourg_000001_060173_gtFine_labelIds.png
leftImg8bit/train/strasbourg/strasbourg_000001_061685_leftImg8bit.png	gtFine/train/strasbourg/strasbourg_000001_061685_gtFine_labelIds.png
leftImg8bit/train/stuttgart/stuttgart_000001_000019_leftImg8bit.png	gtFine/train/stuttgart/stuttgart_000001_000019_gtFine_labelIds.png
leftImg8bit/train/stuttgart/stuttgart_000003_000019_leftImg8bit.png	gtFine/train/stuttgart/stuttgart_000003_000019_gtFine_labelIds.png
leftImg8bit/train/stuttgart/stuttgart_000007_000019_leftImg8bit.png	gtFine/train/stuttgart/stuttgart_000007_000019_gtFine_labelIds.png
leftImg8bit/train/stuttgart/stuttgart_000015_000019_leftImg8bit.png	gtFine/train/stuttgart/stuttgart_000015_000019_gtFine_labelIds.png
leftImg8bit/train/stuttgart/stuttgart_000019_000019_leftImg8bit.png	gtFine/train/stuttgart/stuttgart_000019_000019_gtFine_labelIds.png
leftImg8bit/train/stuttgart/stuttgart_000023_000019_leftImg8bit.png	gtFine/train/stuttgart/stuttgart_000023_000019_gtFine_labelIds.png
leftImg8bit/train/stuttgart/stuttgart_000027_000019_leftImg8bit.png	gtFine/train/stuttgart/stuttgart_000027_000019_gtFine_labelIds.png
leftImg8bit/train/stuttgart/stuttgart_000028_000019_leftImg8bit.png	gtFine/train/stuttgart/stuttgart_000028_000019_gtFine_labelIds.png
leftImg8bit/train/stuttgart/stuttgart_000032_000019_leftImg8bit.png	gtFine/train/stuttgart/stuttgart_000032_000019_gtFine_labelIds.png
leftImg8bit/train/stuttgart/stuttgart_000034_000019_leftImg8bit.png	gtFine/train/stuttgart/stuttgart_000034_000019_gtFine_labelIds.png
leftImg8bit/train/stuttgart/stuttgart_000039_000019_leftImg8bit.png	gtFine/train/stuttgart/stuttgart_000039_000019_gtFine_labelIds.png
leftImg8bit/train/stuttgart/stuttgart_000040_000019_leftImg8bit.png	gtFine/train/stuttgart/stuttgart_000040_000019_gtFine_labelIds.png
leftImg8bit/train/stuttgart/stuttgart_000042_000019_leftImg8bit.png	gtFine/train/stuttgart/stuttgart_000042_000019_gtFine_labelIds.png
leftImg8bit/train/stuttgart/stuttgart_000055_000019_leftImg8bit.png	gtFine/train/stuttgart/stuttgart_000055_000019_gtFine_labelIds.png
leftImg8bit/train/stuttgart/stuttgart_000059_000019_leftImg8bit.png	gtFine/train/stuttgart/stuttgart_000059_000019_gtFine_labelIds.png
leftImg8bit/train/stuttgart/stuttgart_000069_000019_leftImg8bit.png	gtFine/train/stuttgart/stuttgart_000069_000019_gtFine_labelIds.png
leftImg8bit/train/stuttgart/stuttgart_000078_000019_leftImg8bit.png	gtFine/train/stuttgart/stuttgart_000078_000019_gtFine_labelIds.png
leftImg8bit/train/stuttgart/stuttgart_000079_000019_leftImg8bit.png	gtFine/train/stuttgart/stuttgart_000079_000019_gtFine_labelIds.png
leftImg8bit/train/stuttgart/stuttgart_000080_000019_leftImg8bit.png	gtFine/train/stuttgart/stuttgart_000080_000019_gtFine_labelIds.png
leftImg8bit/train/stuttgart/stuttgart_000087_000019_leftImg8bit.png	gtFine/train/stuttgart/stuttgart_000087_000019_gtFine_labelIds.png
leftImg8bit/train/stuttgart/stuttgart_000091_000019_leftImg8bit.png	gtFine/train/stuttgart/stuttgart_000091_000019_gtFine_labelIds.png
leftImg8bit/train/stuttgart/stuttgart_000097_000019_leftImg8bit.png	gtFine/train/stuttgart/stuttgart_000097_000019_gtFine_labelIds.png
leftImg8bit/train/stuttgart/stuttgart_000098_000019_leftImg8bit.png	gtFine/train/stuttgart/stuttgart_000098_000019_gtFine_labelIds.png
leftImg8bit/train/stuttgart/stuttgart_000099_000019_leftImg8bit.png	gtFine/train/stuttgart/stuttgart_000099_000019_gtFine_labelIds.png
leftImg8bit/train/stuttgart/stuttgart_000102_000019_leftImg8bit.png	gtFine/train/stuttgart/stuttgart_000102_000019_gtFine_labelIds.png
leftImg8bit/train/stuttgart/stuttgart_000104_000019_leftImg8bit.png	gtFine/train/stuttgart/stuttgart_000104_000019_gtFine_labelIds.png
leftImg8bit/train/stuttgart/stuttgart_000106_000019_leftImg8bit.png	gtFine/train/stuttgart/stuttgart_000106_000019_gtFine_labelIds.png
leftImg8bit/train/stuttgart/stuttgart_000113_000019_leftImg8bit.png	gtFine/train/stuttgart/stuttgart_000113_000019_gtFine_labelIds.png
leftImg8bit/train/stuttgart/stuttgart_000124_000019_leftImg8bit.png	gtFine/train/stuttgart/stuttgart_000124_000019_gtFine_labelIds.png
leftImg8bit/train/stuttgart/stuttgart_000141_000019_leftImg8bit.png	gtFine/train/stuttgart/stuttgart_000141_000019_gtFine_labelIds.png
leftImg8bit/train/stuttgart/stuttgart_000143_000019_leftImg8bit.png	gtFine/train/stuttgart/stuttgart_000143_000019_gtFine_labelIds.png
leftImg8bit/train/stuttgart/stuttgart_000146_000019_leftImg8bit.png	gtFine/train/stuttgart/stuttgart_000146_000019_gtFine_labelIds.png
leftImg8bit/train/stuttgart/stuttgart_000152_000019_leftImg8bit.png	gtFine/train/stuttgart/stuttgart_000152_000019_gtFine_labelIds.png
leftImg8bit/train/stuttgart/stuttgart_000153_000019_leftImg8bit.png	gtFine/train/stuttgart/stuttgart_000153_000019_gtFine_labelIds.png
leftImg8bit/train/stuttgart/stuttgart_000159_000019_leftImg8bit.png	gtFine/train/stuttgart/stuttgart_000159_000019_gtFine_labelIds.png
leftImg8bit/train/stuttgart/stuttgart_000162_000019_leftImg8bit.png	gtFine/train/stuttgart/stuttgart_000162_000019_gtFine_labelIds.png
leftImg8bit/train/stuttgart/stuttgart_000163_000019_leftImg8bit.png	gtFine/train/stuttgart/stuttgart_000163_000019_gtFine_labelIds.png
leftImg8bit/train/stuttgart/stuttgart_000174_000019_leftImg8bit.png	gtFine/train/stuttgart/stuttgart_000174_000019_gtFine_labelIds.png
leftImg8bit/train/stuttgart/stuttgart_000179_000019_leftImg8bit.png	gtFine/train/stuttgart/stuttgart_000179_000019_gtFine_labelIds.png
leftImg8bit/train/stuttgart/stuttgart_000183_000019_leftImg8bit.png	gtFine/train/stuttgart/stuttgart_000183_000019_gtFine_labelIds.png
leftImg8bit/train/tubingen/tubingen_000003_000019_leftImg8bit.png	gtFine/train/tubingen/tubingen_000003_000019_gtFine_labelIds.png
leftImg8bit/train/tubingen/tubingen_000011_000019_leftImg8bit.png	gtFine/train/tubingen/tubingen_000011_000019_gtFine_labelIds.png
leftImg8bit/train/tubingen/tubingen_000014_000019_leftImg8bit.png	gtFine/train/tubingen/tubingen_000014_000019_gtFine_labelIds.png
leftImg8bit/train/tubingen/tubingen_000020_000019_leftImg8bit.png	gtFine/train/tubingen/tubingen_000020_000019_gtFine_labelIds.png
leftImg8bit/train/tubingen/tubingen_000021_000019_leftImg8bit.png	gtFine/train/tubingen/tubingen_000021_000019_gtFine_labelIds.png
leftImg8bit/train/tubingen/tubingen_000032_000019_leftImg8bit.png	gtFine/train/tubingen/tubingen_000032_000019_gtFine_labelIds.png
leftImg8bit/train/tubingen/tubingen_000036_000019_leftImg8bit.png	gtFine/train/tubingen/tubingen_000036_000019_gtFine_labelIds.png
leftImg8bit/train/tubingen/tubingen_000041_000019_leftImg8bit.png	gtFine/train/tubingen/tubingen_000041_000019_gtFine_labelIds.png
leftImg8bit/train/tubingen/tubingen_000042_000019_leftImg8bit.png	gtFine/train/tubingen/tubingen_000042_000019_gtFine_labelIds.png
leftImg8bit/train/tubingen/tubingen_000046_000019_leftImg8bit.png	gtFine/train/tubingen/tubingen_000046_000019_gtFine_labelIds.png
leftImg8bit/train/tubingen/tubingen_000049_000019_leftImg8bit.png	gtFine/train/tubingen/tubingen_000049_000019_gtFine_labelIds.png
leftImg8bit/train/tubingen/tubingen_000052_000019_leftImg8bit.png	gtFine/train/tubingen/tubingen_000052_000019_gtFine_labelIds.png
leftImg8bit/train/tubingen/tubingen_000059_000019_leftImg8bit.png	gtFine/train/tubingen/tubingen_000059_000019_gtFine_labelIds.png
leftImg8bit/train/tubingen/tubingen_000071_000019_leftImg8bit.png	gtFine/train/tubingen/tubingen_000071_000019_gtFine_labelIds.png
leftImg8bit/train/tubingen/tubingen_000079_000019_leftImg8bit.png	gtFine/train/tubingen/tubingen_000079_000019_gtFine_labelIds.png
leftImg8bit/train/tubingen/tubingen_000099_000019_leftImg8bit.png	gtFine/train/tubingen/tubingen_000099_000019_gtFine_labelIds.png
leftImg8bit/train/tubingen/tubingen_000103_000019_leftImg8bit.png	gtFine/train/tubingen/tubingen_000103_000019_gtFine_labelIds.png
leftImg8bit/train/tubingen/tubingen_000106_000019_leftImg8bit.png	gtFine/train/tubingen/tubingen_000106_000019_gtFine_labelIds.png
leftImg8bit/train/tubingen/tubingen_000113_000019_leftImg8bit.png	gtFine/train/tubingen/tubingen_000113_000019_gtFine_labelIds.png
leftImg8bit/train/tubingen/tubingen_000131_000019_leftImg8bit.png	gtFine/train/tubingen/tubingen_000131_000019_gtFine_labelIds.png
leftImg8bit/train/tubingen/tubingen_000139_000019_leftImg8bit.png	gtFine/train/tubingen/tubingen_000139_000019_gtFine_labelIds.png
leftImg8bit/train/ulm/ulm_000000_000019_leftImg8bit.png	gtFine/train/ulm/ulm_000000_000019_gtFine_labelIds.png
leftImg8bit/train/ulm/ulm_000003_000019_leftImg8bit.png	gtFine/train/ulm/ulm_000003_000019_gtFine_labelIds.png
leftImg8bit/train/ulm/ulm_000028_000019_leftImg8bit.png	gtFine/train/ulm/ulm_000028_000019_gtFine_labelIds.png
leftImg8bit/train/ulm/ulm_000031_000019_leftImg8bit.png	gtFine/train/ulm/ulm_000031_000019_gtFine_labelIds.png
leftImg8bit/train/ulm/ulm_000038_000019_leftImg8bit.png	gtFine/train/ulm/ulm_000038_000019_gtFine_labelIds.png
leftImg8bit/train/ulm/ulm_000040_000019_leftImg8bit.png	gtFine/train/ulm/ulm_000040_000019_gtFine_labelIds.png
leftImg8bit/train/ulm/ulm_000050_000019_leftImg8bit.png	gtFine/train/ulm/ulm_000050_000019_gtFine_labelIds.png
leftImg8bit/train/ulm/ulm_000053_000019_leftImg8bit.png	gtFine/train/ulm/ulm_000053_000019_gtFine_labelIds.png
leftImg8bit/train/ulm/ulm_000061_000019_leftImg8bit.png	gtFine/train/ulm/ulm_000061_000019_gtFine_labelIds.png
leftImg8bit/train/ulm/ulm_000062_000019_leftImg8bit.png	gtFine/train/ulm/ulm_000062_000019_gtFine_labelIds.png
leftImg8bit/train/ulm/ulm_000078_000019_leftImg8bit.png	gtFine/train/ulm/ulm_000078_000019_gtFine_labelIds.png
leftImg8bit/train/ulm/ulm_000079_000019_leftImg8bit.png	gtFine/train/ulm/ulm_000079_000019_gtFine_labelIds.png
leftImg8bit/train/ulm/ulm_000083_000019_leftImg8bit.png	gtFine/train/ulm/ulm_000083_000019_gtFine_labelIds.png
leftImg8bit/train/ulm/ulm_000084_000019_leftImg8bit.png	gtFine/train/ulm/ulm_000084_000019_gtFine_labelIds.png
leftImg8bit/train/weimar/weimar_000001_000019_leftImg8bit.png	gtFine/train/weimar/weimar_000001_000019_gtFine_labelIds.png
leftImg8bit/train/weimar/weimar_000003_000019_leftImg8bit.png	gtFine/train/weimar/weimar_000003_000019_gtFine_labelIds.png
leftImg8bit/train/weimar/weimar_000004_000019_leftImg8bit.png	gtFine/train/weimar/weimar_000004_000019_gtFine_labelIds.png
leftImg8bit/train/weimar/weimar_000013_000019_leftImg8bit.png	gtFine/train/weimar/weimar_000013_000019_gtFine_labelIds.png
leftImg8bit/train/weimar/weimar_000016_000019_leftImg8bit.png	gtFine/train/weimar/weimar_000016_000019_gtFine_labelIds.png
leftImg8bit/train/weimar/weimar_000021_000019_leftImg8bit.png	gtFine/train/weimar/weimar_000021_000019_gtFine_labelIds.png
leftImg8bit/train/weimar/weimar_000026_000019_leftImg8bit.png	gtFine/train/weimar/weimar_000026_000019_gtFine_labelIds.png
leftImg8bit/train/weimar/weimar_000027_000019_leftImg8bit.png	gtFine/train/weimar/weimar_000027_000019_gtFine_labelIds.png
leftImg8bit/train/weimar/weimar_000030_000019_leftImg8bit.png	gtFine/train/weimar/weimar_000030_000019_gtFine_labelIds.png
leftImg8bit/train/weimar/weimar_000041_000019_leftImg8bit.png	gtFine/train/weimar/weimar_000041_000019_gtFine_labelIds.png
leftImg8bit/train/weimar/weimar_000046_000019_leftImg8bit.png	gtFine/train/weimar/weimar_000046_000019_gtFine_labelIds.png
leftImg8bit/train/weimar/weimar_000048_000019_leftImg8bit.png	gtFine/train/weimar/weimar_000048_000019_gtFine_labelIds.png
leftImg8bit/train/weimar/weimar_000050_000019_leftImg8bit.png	gtFine/train/weimar/weimar_000050_000019_gtFine_labelIds.png
leftImg8bit/train/weimar/weimar_000054_000019_leftImg8bit.png	gtFine/train/weimar/weimar_000054_000019_gtFine_labelIds.png
leftImg8bit/train/weimar/weimar_000059_000019_leftImg8bit.png	gtFine/train/weimar/weimar_000059_000019_gtFine_labelIds.png
leftImg8bit/train/weimar/weimar_000060_000019_leftImg8bit.png	gtFine/train/weimar/weimar_000060_000019_gtFine_labelIds.png
leftImg8bit/train/weimar/weimar_000061_000019_leftImg8bit.png	gtFine/train/weimar/weimar_000061_000019_gtFine_labelIds.png
leftImg8bit/train/weimar/weimar_000065_000019_leftImg8bit.png	gtFine/train/weimar/weimar_000065_000019_gtFine_labelIds.png
leftImg8bit/train/weimar/weimar_000069_000019_leftImg8bit.png	gtFine/train/weimar/weimar_000069_000019_gtFine_labelIds.png
leftImg8bit/train/weimar/weimar_000073_000019_leftImg8bit.png	gtFine/train/weimar/weimar_000073_000019_gtFine_labelIds.png
leftImg8bit/train/weimar/weimar_000078_000019_leftImg8bit.png	gtFine/train/weimar/weimar_000078_000019_gtFine_labelIds.png
leftImg8bit/train/weimar/weimar_000085_000019_leftImg8bit.png	gtFine/train/weimar/weimar_000085_000019_gtFine_labelIds.png
leftImg8bit/train/weimar/weimar_000108_000019_leftImg8bit.png	gtFine/train/weimar/weimar_000108_000019_gtFine_labelIds.png
leftImg8bit/train/weimar/weimar_000114_000019_leftImg8bit.png	gtFine/train/weimar/weimar_000114_000019_gtFine_labelIds.png
leftImg8bit/train/weimar/weimar_000121_000019_leftImg8bit.png	gtFine/train/weimar/weimar_000121_000019_gtFine_labelIds.png
leftImg8bit/train/weimar/weimar_000124_000019_leftImg8bit.png	gtFine/train/weimar/weimar_000124_000019_gtFine_labelIds.png
leftImg8bit/train/weimar/weimar_000127_000019_leftImg8bit.png	gtFine/train/weimar/weimar_000127_000019_gtFine_labelIds.png
leftImg8bit/train/weimar/weimar_000139_000019_leftImg8bit.png	gtFine/train/weimar/weimar_000139_000019_gtFine_labelIds.png
leftImg8bit/train/weimar/weimar_000141_000019_leftImg8bit.png	gtFine/train/weimar/weimar_000141_000019_gtFine_labelIds.png
leftImg8bit/train/zurich/zurich_000004_000019_leftImg8bit.png	gtFine/train/zurich/zurich_000004_000019_gtFine_labelIds.png
leftImg8bit/train/zurich/zurich_000005_000019_leftImg8bit.png	gtFine/train/zurich/zurich_000005_000019_gtFine_labelIds.png
leftImg8bit/train/zurich/zurich_000010_000019_leftImg8bit.png	gtFine/train/zurich/zurich_000010_000019_gtFine_labelIds.png
leftImg8bit/train/zurich/zurich_000018_000019_leftImg8bit.png	gtFine/train/zurich/zurich_000018_000019_gtFine_labelIds.png
leftImg8bit/train/zurich/zurich_000026_000019_leftImg8bit.png	gtFine/train/zurich/zurich_000026_000019_gtFine_labelIds.png
leftImg8bit/train/zurich/zurich_000027_000019_leftImg8bit.png	gtFine/train/zurich/zurich_000027_000019_gtFine_labelIds.png
leftImg8bit/train/zurich/zurich_000036_000019_leftImg8bit.png	gtFine/train/zurich/zurich_000036_000019_gtFine_labelIds.png
leftImg8bit/train/zurich/zurich_000038_000019_leftImg8bit.png	gtFine/train/zurich/zurich_000038_000019_gtFine_labelIds.png
leftImg8bit/train/zurich/zurich_000042_000019_leftImg8bit.png	gtFine/train/zurich/zurich_000042_000019_gtFine_labelIds.png
leftImg8bit/train/zurich/zurich_000046_000019_leftImg8bit.png	gtFine/train/zurich/zurich_000046_000019_gtFine_labelIds.png
leftImg8bit/train/zurich/zurich_000053_000019_leftImg8bit.png	gtFine/train/zurich/zurich_000053_000019_gtFine_labelIds.png
leftImg8bit/train/zurich/zurich_000063_000019_leftImg8bit.png	gtFine/train/zurich/zurich_000063_000019_gtFine_labelIds.png
leftImg8bit/train/zurich/zurich_000069_000019_leftImg8bit.png	gtFine/train/zurich/zurich_000069_000019_gtFine_labelIds.png
leftImg8bit/train/zurich/zurich_000082_000019_leftImg8bit.png	gtFine/train/zurich/zurich_000082_000019_gtFine_labelIds.png
leftImg8bit/train/zurich/zurich_000091_000019_leftImg8bit.png	gtFine/train/zurich/zurich_000091_000019_gtFine_labelIds.png
leftImg8bit/train/zurich/zurich_000102_000019_leftImg8bit.png	gtFine/train/zurich/zurich_000102_000019_gtFine_labelIds.png
leftImg8bit/train/zurich/zurich_000103_000019_leftImg8bit.png	gtFine/train/zurich/zurich_000103_000019_gtFine_labelIds.png
leftImg8bit/train/zurich/zurich_000106_000019_leftImg8bit.png	gtFine/train/zurich/zurich_000106_000019_gtFine_labelIds.png
leftImg8bit/train/zurich/zurich_000109_000019_leftImg8bit.png	gtFine/train/zurich/zurich_000109_000019_gtFine_labelIds.png
leftImg8bit/train/zurich/zurich_000121_000019_leftImg8bit.png	gtFine/train/zurich/zurich_000121_000019_gtFine_labelIds.png
